build/app/outputs/mapping/release/seeds.txt
com.example.torqueair.MainActivity
com.example.torqueair.MainActivity: MainActivity()
...
io.flutter.embedding.engine.FlutterJNI: void onDisplayPlatformView(int,int,int,int,int,int,int,io.flutter.embedding.engine.mutatorsstack.FlutterMutatorsStack)
androidx.lifecycle.ReportFragment$LifecycleCallbacks: ReportFragment$LifecycleCallbacks()
io.flutter.embedding.engine.FlutterJNI: io.flutter.plugin.localization.LocalizationPlugin localizationPlugin
io.flutter.embedding.engine.FlutterJNI: void removeIsDisplayingFlutterUiListener(io.flutter.embedding.engine.renderer.FlutterUiDisplayListener)
io.flutter.embedding.engine.FlutterJNI: boolean getIsSoftwareRenderingEnabled()
io.flutter.embedding.engine.FlutterJNI: float refreshRateFPS
androidx.lifecycle.ReportFragment$LifecycleCallbacks: void onActivityPrePaused(android.app.Activity)
androidx.activity.ComponentActivity$2
com.google.android.gms.signin.internal.zaj: android.os.Parcelable$Creator CREATOR
com.google.protobuf.JavaType: com.google.protobuf.JavaType valueOf(java.lang.String)
io.flutter.embedding.android.DrawableSplashScreen$DrawableSplashScreenView: void setSplashDrawable(android.graphics.drawable.Drawable)
io.flutter.embedding.android.FlutterSplashView$SavedState: FlutterSplashView$SavedState(android.os.Parcel)
io.flutter.embedding.engine.FlutterJNI: void onPreEngineRestart()
io.flutter.view.AccessibilityViewEmbedder
androidx.lifecycle.Lifecycle$Event: androidx.lifecycle.Lifecycle$Event ON_STOP
io.flutter.embedding.engine.renderer.SurfaceTextureWrapper
io.flutter.view.AccessibilityViewEmbedder: int nextFlutterId
com.google.android.gms.common.internal.GetServiceRequest: android.os.Parcelable$Creator CREATOR
io.flutter.embedding.engine.FlutterJNI: void setSemanticsEnabled(boolean)
io.flutter.embedding.engine.FlutterJNI: void dispatchPlatformMessage(java.lang.String,java.nio.ByteBuffer,int,int)
io.flutter.embedding.engine.FlutterJNI: void markTextureFrameAvailable(long)
androidx.savedstate.Recreator
io.flutter.view.AccessibilityViewEmbedder: void copyAccessibilityFields(android.view.accessibility.AccessibilityNodeInfo,android.view.accessibility.AccessibilityNodeInfo)
com.google.android.gms.internal.location.zzbf: android.os.Parcelable$Creator CREATOR
io.flutter.view.AccessibilityViewEmbedder: void addChildrenToFlutterNode(android.view.accessibility.AccessibilityNodeInfo,android.view.View,android.view.accessibility.AccessibilityNodeInfo)
io.flutter.embedding.engine.FlutterOverlaySurface: android.view.Surface surface
io.flutter.plugin.editing.ImeSyncDeferringInsetsCallback: android.view.View$OnApplyWindowInsetsListener getInsetsListener()
androidx.activity.OnBackPressedDispatcher$LifecycleOnBackPressedCancellable
com.google.protobuf.Writer$FieldOrder: com.google.protobuf.Writer$FieldOrder[] values()
androidx.fragment.app.FragmentManagerState: android.os.Parcelable$Creator CREATOR
com.google.android.gms.dynamite.DynamiteModule$DynamiteLoaderClassLoader: DynamiteModule$DynamiteLoaderClassLoader()
io.flutter.embedding.engine.renderer.SurfaceTextureWrapper: void release()
android.support.v4.app.RemoteActionCompatParcelizer
io.flutter.embedding.engine.FlutterJNI: void nativeUpdateJavaAssetManager(long,android.content.res.AssetManager,java.lang.String)
io.flutter.view.AccessibilityViewEmbedder: AccessibilityViewEmbedder(android.view.View,int)
androidx.lifecycle.ReportFragment$LifecycleCallbacks: void onActivityCreated(android.app.Activity,android.os.Bundle)
io.flutter.embedding.engine.systemchannels.PlatformChannel$SystemUiOverlay: io.flutter.embedding.engine.systemchannels.PlatformChannel$SystemUiOverlay valueOf(java.lang.String)
io.flutter.embedding.engine.FlutterJNI: void updateCustomAccessibilityActions(java.nio.ByteBuffer,java.lang.String[])
io.flutter.embedding.android.FlutterSplashView$SavedState: android.os.Bundle access$702(io.flutter.embedding.android.FlutterSplashView$SavedState,android.os.Bundle)
io.flutter.embedding.engine.mutatorsstack.FlutterMutatorsStack: java.util.List getMutators()