build/app/outputs/mapping/release/mapping.txt
# compiler: R8
# compiler_version: 2.1.86
# min_api: 19
# pg_map_id: 99c2047
# common_typos_disable
...
com.google.android.gms.common.api.zza -> com.google.android.gms.common.api.p:
com.google.android.gms.common.api.zzb -> com.google.android.gms.common.api.q:
com.google.android.gms.common.internal.AccountAccessor -> com.google.android.gms.common.internal.a:
    android.accounts.Account getAccountBinderSafe(com.google.android.gms.common.internal.IAccountAccessor) -> d
com.google.android.gms.common.internal.ApiExceptionUtil -> com.google.android.gms.common.internal.b:
    com.google.android.gms.common.api.ApiException fromStatus(com.google.android.gms.common.api.Status) -> a
com.google.android.gms.common.internal.BaseGmsClient -> com.google.android.gms.common.internal.c:
    int zzcm -> o
    java.util.concurrent.atomic.AtomicInteger zzcr -> t
    com.google.android.gms.common.Feature[] zzbt -> u
    int zzcj -> l
    android.content.Context mContext -> b
    com.google.android.gms.common.internal.zzb zzcq -> s
    java.lang.Object zzcd -> f
    com.google.android.gms.common.internal.GmsClientSupervisor zzcb -> c
    java.lang.Object mLock -> e
    com.google.android.gms.common.internal.BaseGmsClient$ConnectionProgressReportCallbacks zzcf -> h
    com.google.android.gms.common.internal.zzh zzbz -> a
    java.lang.String zzcn -> p
    com.google.android.gms.common.internal.IGmsServiceBroker zzce -> g
    boolean zzcp -> r
    android.os.IInterface zzcg -> i
    com.google.android.gms.common.ConnectionResult zzco -> q
    android.os.Handler mHandler -> d
    java.util.ArrayList zzch -> j
    com.google.android.gms.common.internal.BaseGmsClient$BaseConnectionCallbacks zzck -> m
    com.google.android.gms.common.internal.BaseGmsClient$zze zzci -> k
    com.google.android.gms.common.internal.BaseGmsClient$BaseOnConnectionFailedListener zzcl -> n
    android.os.IInterface getService() -> A
    java.lang.String getStartServicePackage() -> B
    void onConnectedLocked(android.os.IInterface) -> C
    void onConnectionFailed(com.google.android.gms.common.ConnectionResult) -> D
    void onConnectionSuspended(int) -> E
com.google.android.gms.common.internal.BaseGmsClient$BaseConnectionCallbacks -> com.google.android.gms.common.internal.c$a:
    void onConnectionSuspended(int) -> a
    void onConnected(android.os.Bundle) -> d
com.google.android.gms.common.internal.BaseGmsClient$BaseOnConnectionFailedListener -> com.google.android.gms.common.internal.c$b:
    void onConnectionFailed(com.google.android.gms.common.ConnectionResult) -> c
com.google.android.gms.common.internal.BaseGmsClient$ConnectionProgressReportCallbacks -> com.google.android.gms.common.internal.c$c:
    void onReportServiceBinding(com.google.android.gms.common.ConnectionResult) -> b
com.google.android.gms.common.internal.BaseGmsClient$LegacyClientCallbackAdapter -> com.google.android.gms.common.internal.c$d:
    com.google.android.gms.common.internal.BaseGmsClient zzct -> a
    void onReportServiceBinding(com.google.android.gms.common.ConnectionResult) -> b
com.google.android.gms.common.internal.BaseGmsClient$SignOutCallbacks -> com.google.android.gms.common.internal.c$e:
    void onSignOutComplete() -> a
com.google.android.gms.common.internal.BaseGmsClient$zza -> com.google.android.gms.common.internal.c$f:
    android.os.Bundle zzcs -> e
    int statusCode -> d
    com.google.android.gms.common.internal.BaseGmsClient zzct -> f
    void zza(java.lang.Object) -> c
    void zzn() -> d
    void zza(com.google.android.gms.common.ConnectionResult) -> f
    boolean zzm() -> g
com.google.android.gms.common.internal.BaseGmsClient$zzb -> com.google.android.gms.common.internal.c$g:
    com.google.android.gms.common.internal.BaseGmsClient zzct -> a
    void zza(android.os.Message) -> a
    boolean zzb(android.os.Message) -> b