build/app/outputs/mapping/release/usage.txt
com.example.torqueair.R
com.example.torqueair.R$id
com.example.torqueair.R$integer
com.example.torqueair.R$dimen
com.example.torqueair.R$mipmap
com.example.torqueair.R$drawable
com.example.torqueair.R$color
com.example.torqueair.R$styleable
com.example.torqueair.R$style
com.example.torqueair.R$attr
com.example.torqueair.BuildConfig
com.example.torqueair.R$string
com.example.torqueair.R$layout
...
kotlin.coroutines.AbstractCoroutineContextElement
com.google.android.gms.internal.base.zac:
    public static void writeBoolean(android.os.Parcel,boolean)
com.google.android.gms.common.api.internal.zaaw
com.google.android.gms.common.util.CollectionUtils
com.baseflow.geolocator.BuildConfig
com.pauldemarco.flutter_blue.Protos$BluetoothState:
    private void setStateValue(int)
    private void clearState()
    public static com.pauldemarco.flutter_blue.Protos$BluetoothState parseFrom(java.nio.ByteBuffer)
    public static com.pauldemarco.flutter_blue.Protos$BluetoothState parseFrom(java.nio.ByteBuffer,com.google.protobuf.ExtensionRegistryLite)
    public static com.pauldemarco.flutter_blue.Protos$BluetoothState parseFrom(com.google.protobuf.ByteString)
    public static com.pauldemarco.flutter_blue.Protos$BluetoothState parseFrom(com.google.protobuf.ByteString,com.google.protobuf.ExtensionRegistryLite)
    public static com.pauldemarco.flutter_blue.Protos$BluetoothState parseFrom(byte[])
    public static com.pauldemarco.flutter_blue.Protos$BluetoothState parseFrom(byte[],com.google.protobuf.ExtensionRegistryLite)
    public static com.pauldemarco.flutter_blue.Protos$BluetoothState parseFrom(java.io.InputStream)
    public static com.pauldemarco.flutter_blue.Protos$BluetoothState parseFrom(java.io.InputStream,com.google.protobuf.ExtensionRegistryLite)
    public static com.pauldemarco.flutter_blue.Protos$BluetoothState parseDelimitedFrom(java.io.InputStream)
    public static com.pauldemarco.flutter_blue.Protos$BluetoothState parseDelimitedFrom(java.io.InputStream,com.google.protobuf.ExtensionRegistryLite)
    public static com.pauldemarco.flutter_blue.Protos$BluetoothState parseFrom(com.google.protobuf.CodedInputStream)
androidx.core.graphics.PathParser$PathDataNode
com.google.android.gms.common.api.internal.BasePendingResult:
    protected void <init>(android.os.Looper)
    protected void <init>(com.google.android.gms.common.api.internal.BasePendingResult$CallbackHandler)
    public final com.google.android.gms.common.api.Result await()
    public final void setResultCallback(com.google.android.gms.common.api.ResultCallback)
    public final void setResultCallback(com.google.android.gms.common.api.ResultCallback,long,java.util.concurrent.TimeUnit)
    public void cancel()
    public final boolean zat()
    public boolean isCanceled()
    public com.google.android.gms.common.api.TransformedResult then(com.google.android.gms.common.api.ResultTransform)
    public final void zaa(com.google.android.gms.common.api.internal.zacs)
    public final java.lang.Integer zam()
    protected final void setCancelToken(com.google.android.gms.common.internal.ICancelToken)
kotlin.collections.MapWithDefault
androidx.customview.R
com.google.android.gms.internal.location.zzy
androidx.core.app.NotificationCompat$Action$SemanticAction
com.google.android.gms.tasks.CancellationToken
androidx.annotation.RawRes
kotlin.ranges.CharRange$Companion
io.flutter.plugins.urllauncher.R$layout
androidx.fragment.R$dimen
androidx.annotation.VisibleForTesting
com.google.android.gms.common.server.response.zai
kotlin.Unit
androidx.core.util.Consumer
androidx.lifecycle.Lifecycling:
    static androidx.lifecycle.GenericLifecycleObserver getCallback(java.lang.Object)
    private void <init>()
    private static final int REFLECTIVE_CALLBACK
    private static final int GENERATED_CALLBACK
com.google.android.gms.internal.base.zak
com.google.protobuf.StringValue$1